{"C:\\Users\\dsarnachev\\code\\brain-button-server\\client-app.js": {"path":"C:\\Users\\dsarnachev\\code\\brain-button-server\\client-app.js","statementMap":{"0":{"start":{"line":7,"column":8},"end":{"line":7,"column":27}},"1":{"start":{"line":8,"column":8},"end":{"line":8,"column":29}},"2":{"start":{"line":9,"column":8},"end":{"line":9,"column":24}},"3":{"start":{"line":10,"column":8},"end":{"line":10,"column":80}},"4":{"start":{"line":12,"column":8},"end":{"line":12,"column":25}},"5":{"start":{"line":14,"column":8},"end":{"line":16,"column":11}},"6":{"start":{"line":15,"column":12},"end":{"line":15,"column":51}},"7":{"start":{"line":18,"column":8},"end":{"line":20,"column":10}},"8":{"start":{"line":19,"column":12},"end":{"line":19,"column":46}},"9":{"start":{"line":24,"column":24},"end":{"line":24,"column":65}},"10":{"start":{"line":25,"column":8},"end":{"line":25,"column":64}}},"fnMap":{"0":{"name":"(anonymous_0)","decl":{"start":{"line":6,"column":4},"end":{"line":6,"column":5}},"loc":{"start":{"line":6,"column":29},"end":{"line":21,"column":5}},"line":6},"1":{"name":"(anonymous_1)","decl":{"start":{"line":14,"column":34},"end":{"line":14,"column":35}},"loc":{"start":{"line":14,"column":40},"end":{"line":16,"column":9}},"line":14},"2":{"name":"(anonymous_2)","decl":{"start":{"line":18,"column":38},"end":{"line":18,"column":39}},"loc":{"start":{"line":18,"column":51},"end":{"line":20,"column":9}},"line":18},"3":{"name":"(anonymous_3)","decl":{"start":{"line":23,"column":4},"end":{"line":23,"column":5}},"loc":{"start":{"line":23,"column":22},"end":{"line":26,"column":5}},"line":23}},"branchMap":{"0":{"loc":{"start":{"line":6,"column":16},"end":{"line":6,"column":28}},"type":"default-arg","locations":[{"start":{"line":6,"column":23},"end":{"line":6,"column":28}}],"line":6}},"s":{"0":5,"1":5,"2":5,"3":5,"4":5,"5":5,"6":4,"7":5,"8":2,"9":1,"10":1},"f":{"0":5,"1":4,"2":2,"3":1},"b":{"0":[0]},"_coverageSchema":"1a1c01bbd47fc00a2c39e90264f33305004495a9","hash":"b050f060974ca284b4e2fdd967b0e385f0cf2900"}
,"C:\\Users\\dsarnachev\\code\\brain-button-server\\handle-message.js": {"path":"C:\\Users\\dsarnachev\\code\\brain-button-server\\handle-message.js","statementMap":{"0":{"start":{"line":2,"column":17},"end":{"line":2,"column":36}},"1":{"start":{"line":3,"column":4},"end":{"line":11,"column":5}},"2":{"start":{"line":5,"column":12},"end":{"line":7,"column":14}},"3":{"start":{"line":6,"column":16},"end":{"line":6,"column":60}},"4":{"start":{"line":8,"column":12},"end":{"line":8,"column":18}},"5":{"start":{"line":10,"column":12},"end":{"line":10,"column":87}}},"fnMap":{"0":{"name":"(anonymous_0)","decl":{"start":{"line":1,"column":15},"end":{"line":1,"column":16}},"loc":{"start":{"line":1,"column":45},"end":{"line":12,"column":1}},"line":1},"1":{"name":"(anonymous_1)","decl":{"start":{"line":5,"column":40},"end":{"line":5,"column":41}},"loc":{"start":{"line":5,"column":52},"end":{"line":7,"column":13}},"line":5}},"branchMap":{"0":{"loc":{"start":{"line":3,"column":4},"end":{"line":11,"column":5}},"type":"switch","locations":[{"start":{"line":4,"column":8},"end":{"line":8,"column":18}},{"start":{"line":9,"column":8},"end":{"line":10,"column":87}}],"line":3}},"s":{"0":1,"1":1,"2":1,"3":2,"4":1,"5":0},"f":{"0":1,"1":2},"b":{"0":[1,0]},"_coverageSchema":"1a1c01bbd47fc00a2c39e90264f33305004495a9","hash":"cee34674b6348fb9267799881ccc6b95f0976eba"}
,"C:\\Users\\dsarnachev\\code\\brain-button-server\\server.js": {"path":"C:\\Users\\dsarnachev\\code\\brain-button-server\\server.js","statementMap":{"0":{"start":{"line":7,"column":12},"end":{"line":7,"column":21}},"1":{"start":{"line":9,"column":15},"end":{"line":9,"column":37}},"2":{"start":{"line":10,"column":11},"end":{"line":10,"column":29}},"3":{"start":{"line":12,"column":0},"end":{"line":16,"column":3}},"4":{"start":{"line":13,"column":4},"end":{"line":15,"column":7}},"5":{"start":{"line":14,"column":8},"end":{"line":14,"column":39}}},"fnMap":{"0":{"name":"(anonymous_0)","decl":{"start":{"line":12,"column":20},"end":{"line":12,"column":21}},"loc":{"start":{"line":12,"column":32},"end":{"line":16,"column":1}},"line":12},"1":{"name":"(anonymous_1)","decl":{"start":{"line":13,"column":17},"end":{"line":13,"column":18}},"loc":{"start":{"line":13,"column":37},"end":{"line":15,"column":5}},"line":13}},"branchMap":{},"s":{"0":1,"1":1,"2":1,"3":1,"4":4,"5":1},"f":{"0":4,"1":1},"b":{},"_coverageSchema":"1a1c01bbd47fc00a2c39e90264f33305004495a9","hash":"803f8ccb877e1ecb5c9236b43653be7fcabdd554"}
}
