TN:
SF:client-app.js
FN:7,(anonymous_0)
FN:17,(anonymous_1)
FN:21,(anonymous_2)
FN:22,(anonymous_3)
FN:28,(anonymous_4)
FN:32,(anonymous_5)
FN:36,(anonymous_6)
FN:37,(anonymous_7)
FN:40,(anonymous_8)
FN:49,(anonymous_9)
FN:52,(anonymous_10)
FN:57,(anonymous_11)
FN:61,(anonymous_12)
FN:69,(anonymous_13)
FNF:14
FNH:13
FNDA:12,(anonymous_0)
FNDA:12,(anonymous_1)
FNDA:18,(anonymous_2)
FNDA:24,(anonymous_3)
FNDA:6,(anonymous_4)
FNDA:6,(anonymous_5)
FNDA:21,(anonymous_6)
FNDA:30,(anonymous_7)
FNDA:48,(anonymous_8)
FNDA:3,(anonymous_9)
FNDA:6,(anonymous_10)
FNDA:18,(anonymous_11)
FNDA:42,(anonymous_12)
FNDA:0,(anonymous_13)
DA:8,12
DA:9,12
DA:11,12
DA:12,12
DA:17,12
DA:18,12
DA:21,12
DA:22,18
DA:23,24
DA:29,6
DA:32,6
DA:37,30
DA:41,48
DA:42,48
DA:43,48
DA:44,84
DA:46,48
DA:50,3
DA:51,3
DA:52,6
DA:53,3
DA:54,3
DA:58,18
DA:59,18
DA:60,18
DA:61,42
DA:62,18
DA:66,18
LF:28
LH:28
BRDA:7,0,0,0
BRDA:42,1,0,18
BRDA:42,1,1,30
BRDA:46,2,0,18
BRDA:46,2,1,30
BRF:5
BRH:4
end_of_record
TN:
SF:server.js
FN:11,(anonymous_0)
FN:13,(anonymous_1)
FN:14,(anonymous_2)
FNF:3
FNH:3
FNDA:12,(anonymous_0)
FNDA:21,(anonymous_1)
FNDA:30,(anonymous_2)
DA:6,1
DA:8,1
DA:9,1
DA:11,1
DA:13,12
DA:14,21
DA:15,30
LF:7
LH:7
BRF:0
BRH:0
end_of_record
